[debug] [2021-12-08T11:24:50.579Z] ----------------------------------------------------------------------
[debug] [2021-12-08T11:24:50.582Z] Command:       C:\Program Files\nodejs\node.exe C:\Users\core\AppData\Roaming\npm\node_modules\firebase-tools\lib\bin\firebase.js init
[debug] [2021-12-08T11:24:50.582Z] CLI Version:   9.23.0
[debug] [2021-12-08T11:24:50.582Z] Platform:      win32
[debug] [2021-12-08T11:24:50.582Z] Node Version:  v14.15.3
[debug] [2021-12-08T11:24:50.583Z] Time:          Wed Dec 08 2021 19:24:50 GMT+0800 (Ulaanbaatar Standard Time)
[debug] [2021-12-08T11:24:50.583Z] ----------------------------------------------------------------------
[debug] 
[debug] [2021-12-08T11:24:50.647Z] > command requires scopes: ["email","openid","https://www.googleapis.com/auth/cloudplatformprojects.readonly","https://www.googleapis.com/auth/firebase","https://www.googleapis.com/auth/cloud-platform"]
[debug] [2021-12-08T11:24:50.647Z] > authorizing via signed-in user (enkhgem@gmail.com)
[info] 
     ######## #### ########  ######## ########     ###     ######  ########
     ##        ##  ##     ## ##       ##     ##  ##   ##  ##       ##
     ######    ##  ########  ######   ########  #########  ######  ######
     ##        ##  ##    ##  ##       ##     ## ##     ##       ## ##
     ##       #### ##     ## ######## ########  ##     ##  ######  ########

You're about to initialize a Firebase project in this directory:

  C:\Users\core\Documents\diplom\mongol-bichig

Before we get started, keep in mind:

  * You are initializing within an existing Firebase project directory

